<?xml version="1.0" encoding="UTF-8"?>
<!-- Generated by org.testng.reporters.JUnitReportReporter -->
<testsuite hostname="PE-HO-339" failures="0" tests="2" name="com.testNG.EjemploTestNG" time="10.140" errors="0" timestamp="2022-02-23T09:01:29 COT" skipped="0">
  <testcase classname="com.testNG.EjemploTestNG" name="pruebaInicialTestNG" time="5.077"/>
  <system-out/>
  <testcase classname="com.testNG.EjemploTestNG" name="prueba" time="5.063"/>
  <system-out/>
</testsuite> <!-- com.testNG.EjemploTestNG -->
