<?xml version="1.0" encoding="UTF-8"?>
<!-- Generated by org.testng.reporters.JUnitReportReporter -->
<testsuite hostname="PE-HO-339" failures="0" tests="1" name="test.EjemploTestNG" time="24.526" errors="0" timestamp="2022-02-23T15:57:59 COT" skipped="0">
  <testcase classname="test.EjemploTestNG" name="pruebaInicialTestNG" time="24.526"/>
  <system-out/>
</testsuite> <!-- test.EjemploTestNG -->
